<?xml version="1.0" encoding="UTF-8"?>
<!-- Generated by org.testng.reporters.JUnitReportReporter -->
<testsuite hostname="DESKTOP-PIEE89O" failures="0" tests="3" name="testcase.CreateOneProduct" time="4.245" errors="0" timestamp="2022-08-24T02:35:26 CDT" skipped="0">
  <testcase classname="testcase.CreateOneProduct" name="creatingOneProduct" time="2.865"/>
  <system-out/>
  <testcase classname="testcase.CreateOneProduct" name="readingAllProducts" time="0.964"/>
  <system-out/>
  <testcase classname="testcase.CreateOneProduct" name="readingOneProduct" time="0.416"/>
  <system-out/>
</testsuite> <!-- testcase.CreateOneProduct -->
