<?xml version="1.0" encoding="UTF-8"?>
<!-- Generated by org.testng.reporters.JUnitReportReporter -->
<testsuite hostname="DESKTOP-PIEE89O" failures="0" tests="2" name="testcase.DeleteOneProduct" time="3.579" errors="0" timestamp="2022-08-24T15:41:56 CDT" skipped="0">
  <testcase classname="testcase.DeleteOneProduct" name="deletingOneProduct" time="2.437"/>
  <system-out/>
  <testcase classname="testcase.DeleteOneProduct" name="readingOneProduct" time="1.142"/>
  <system-out/>
</testsuite> <!-- testcase.DeleteOneProduct -->
