<?xml version="1.0" encoding="UTF-8"?>
<!-- Generated by org.testng.reporters.JUnitReportReporter -->
<testsuite hostname="DESKTOP-PIEE89O" failures="0" tests="4" name="testcase.UpdateOneProduct" time="4.292" errors="0" timestamp="2022-08-24T15:40:04 CDT" skipped="0">
  <testcase classname="testcase.UpdateOneProduct" name="creatingOneProduct" time="2.156"/>
  <system-out/>
  <testcase classname="testcase.UpdateOneProduct" name="readingAllProducts" time="1.127"/>
  <system-out/>
  <testcase classname="testcase.UpdateOneProduct" name="updatingOneProduct" time="0.459"/>
  <system-out/>
  <testcase classname="testcase.UpdateOneProduct" name="readingOneProduct" time="0.550"/>
  <system-out/>
</testsuite> <!-- testcase.UpdateOneProduct -->
