<?xml version="1.0" encoding="UTF-8"?>
<!-- Generated by org.testng.reporters.JUnitReportReporter -->
<testsuite hostname="DESKTOP-PIEE89O" failures="0" tests="1" name="testcase.ReadOneProduct" time="2.425" errors="0" timestamp="2022-08-23T23:50:01 CDT" skipped="0">
  <testcase classname="testcase.ReadOneProduct" name="readingOneProduct" time="2.425"/>
  <system-out/>
</testsuite> <!-- testcase.ReadOneProduct -->
