<?xml version="1.0" encoding="UTF-8"?>
<!-- Generated by org.testng.reporters.JUnitReportReporter -->
<testsuite hostname="DESKTOP-PIEE89O" failures="0" tests="1" name="testcase.ReadAllProducts" time="3.017" errors="0" timestamp="2022-08-23T21:59:47 CDT" skipped="0">
  <testcase classname="testcase.ReadAllProducts" name="readingAllProducts" time="3.017"/>
  <system-out/>
</testsuite> <!-- testcase.ReadAllProducts -->
